A51 MACRO ASSEMBLER  SENSOR_ACTIVATED_LEAVER                                              10/05/2017 00:19:54 PAGE     1


MACRO ASSEMBLER A51 V8.02b
OBJECT MODULE PLACED IN sensor_activated_leaver.OBJ
ASSEMBLER INVOKED BY: C:\Keil_v5\C51\BIN\A51.EXE sensor_activated_leaver.asm SET(SMALL) DEBUG EP

LOC  OBJ            LINE     SOURCE

                       1     ;port 1 for sensing, driving motors and for indicator led
                       2     ;p 1.8 and p 1.7 are used to determine the positopn of the leaver
                       3     ;-----p1.8--p1.7----meaning 
                       4     ;-------0-----0-----indicator nither aligned left or right
                       5     ;-------1-----0-----indicator aligned left
                       6     ;-------0-----1-----indicator aligned right
                       7     ;-------1-----1-----indicator aligned both left and right no possiable something went wrong
                       8     
                       9     ;-------------------startup blinking------------
                      10     
                      11     
0000 7902             12                     MOV R1,#2H
                      13                     
0002 7590C0           14     START:  MOV P1,#0C0H
0005 12004D           15                     LCALL DELAY
0008 7590C1           16                     MOV P1,#0C1H
000B 12004D           17                     LCALL DELAY
000E D9F2             18                     DJNZ R1,START
                      19                     
                      20     ;----------------------------------------------------
                      21     
                      22     ;-------------Main program starts-------------------
                      23     
                      24                     ;-------------setting initial positions sensing left or right delay for pro
                             gram to wait till you adjust ----------------
                      25     
0010 A297             26                     MOV C,P1.7;Sensing left alignment
0012 12004D           27                     LCALL DELAY
0015 12004D           28                     LCALL DELAY
0018 400A             29                     JC HITLEFT
001A A296             30                     MOV C,P1.6;Sensing right alignment
001C 12004D           31                     LCALL DELAY
001F 12004D           32                     LCALL DELAY
0022 4010             33                     JC HITRIGHT
                      34                     ;------------------------------------------------------
                      35                     
                      36                     
                      37                     
0024 7590C4           38     HITLEFT: MOV P1,#0C4H
0027 020044           39                      LJMP PULSE
002A 7590C9           40                      MOV P1,#0C9H; The leaver stats moving leftward hit
002D 00               41                      NOP
002E A297             42                      MOV C,P1.7
0030 4002             43                      JC HITRIGHT
0032 80F0             44                      SJMP HITLEFT
                      45                      
                      46                      
                      47                      
0034 7590C4           48     HITRIGHT:MOV P1,#0C4H
0037 020044           49                      LJMP PULSE
003A 7590C4           50                      MOV P1,#0C4H; The leaver stats moving leftward hit
003D 00               51                      NOP
003E A296             52                      MOV C,P1.6
0040 40E2             53                      JC HITLEFT
0042 80F0             54                      SJMP HITRIGHT
                      55                     
                      56                      
0044 7F03             57     PULSE:  MOV R7,#03H
A51 MACRO ASSEMBLER  SENSOR_ACTIVATED_LEAVER                                              10/05/2017 00:19:54 PAGE     2

0046 7EFF             58     PUL1:   MOV R6,#0FFH
0048 DEFE             59     PUL2:   DJNZ R6,PUL2
004A DFFA             60                     DJNZ R7,PUL1
004C 22               61                     RET
                      62                     
                      63                      
                      64     
                      65     
                      66     
004D 7F08             67     DELAY:  MOV R7,#08H
004F 7EFF             68     DEL1:   MOV R6,#0FFH
0051 7DFF             69     DEL2:   MOV R5,#0FFH
0053 DDFE             70     DEL3:   DJNZ R5,DEL3
0055 DEFA             71                     DJNZ R6,DEL2
0057 DFF6             72                     DJNZ R7,DEL1
0059 22               73                     RET
                      74              
                      75     
                      76     
                      77     
                      78     
                      79     
*** WARNING #A41 IN 79 (sensor_activated_leaver.asm, LINE 79): MISSING 'END' STATEMENT
A51 MACRO ASSEMBLER  SENSOR_ACTIVATED_LEAVER                                              10/05/2017 00:19:54 PAGE     3

SYMBOL TABLE LISTING
------ ----- -------


N A M E             T Y P E  V A L U E   ATTRIBUTES

DEL1 . . . . . . .  C ADDR   004FH   A   
DEL2 . . . . . . .  C ADDR   0051H   A   
DEL3 . . . . . . .  C ADDR   0053H   A   
DELAY. . . . . . .  C ADDR   004DH   A   
HITLEFT. . . . . .  C ADDR   0024H   A   
HITRIGHT . . . . .  C ADDR   0034H   A   
P1 . . . . . . . .  D ADDR   0090H   A   
PUL1 . . . . . . .  C ADDR   0046H   A   
PUL2 . . . . . . .  C ADDR   0048H   A   
PULSE. . . . . . .  C ADDR   0044H   A   
START. . . . . . .  C ADDR   0002H   A   


REGISTER BANK(S) USED: 0 


ASSEMBLY COMPLETE.  1 WARNING(S), 0 ERROR(S)
